# JRE version: OpenJDK Runtime Environment Temurin-21.0.9+10 (21.0.9+10) (build 21.0.9+10-LTS)
# Java VM: OpenJDK 64-Bit Server VM Temurin-21.0.9+10 (21.0.9+10-LTS, mixed mode, sharing, tiered, compressed oops, compressed class ptrs, parallel gc, windows-amd64)
GC Precious Log:
 CardTable entry size: 512
 CPUs: 16 total, 16 available
 Memory: 15631M
 Large Page Support: Disabled
 NUMA Support: Disabled
 Compressed Oops: Enabled (32-bit)
 Alignments: Space 512K, Generation 512K, Heap 2M
 Heap Min Capacity: 100M
 Heap Initial Capacity: 100M
 Heap Max Capacity: 2G
 Pre-touch: Disabled
 Parallel Workers: 13
Heap:
 PSYoungGen      total 1536K, used 526K [0x00000000d5580000, 0x00000000d5880000, 0x0000000100000000)
  eden space 1024K, 13% used [0x00000000d5580000,0x00000000d55a3a20,0x00000000d5680000)
  from space 512K, 75% used [0x00000000d5780000,0x00000000d57e0000,0x00000000d5800000)
  to   space 512K, 0% used [0x00000000d5800000,0x00000000d5800000,0x00000000d5880000)
 ParOldGen       total 141824K, used 141430K [0x0000000080000000, 0x0000000088a80000, 0x00000000d5580000)
  object space 141824K, 99% used [0x0000000080000000,0x0000000088a1da98,0x0000000088a80000)
 Metaspace       used 65821K, committed 67264K, reserved 1114112K
  class space    used 7566K, committed 8192K, reserved 1048576K
GC Heap History (20 events):
Event: 27.241 GC heap before
{Heap before GC invocations=127 (full 3):
 PSYoungGen      total 2560K, used 2112K [0x00000000d5580000, 0x00000000d5a80000, 0x0000000100000000)
  eden space 1024K, 100% used [0x00000000d5580000,0x00000000d5680000,0x00000000d5680000)
  from space 1536K, 70% used [0x00000000d5680000,0x00000000d5790000,0x00000000d5800000)
  to   space 2048K, 0% used [0x00000000d5880000,0x00000000d5880000,0x00000000d5a80000)
 ParOldGen       total 138240K, used 138091K [0x0000000080000000, 0x0000000088700000, 0x00000000d5580000)
  object space 138240K, 99% used [0x0000000080000000,0x00000000886dace0,0x0000000088700000)
 Metaspace       used 65492K, committed 66944K, reserved 1114112K
  class space    used 7536K, committed 8128K, reserved 1048576K
}
Event: 27.242 GC heap after
{Heap after GC invocations=127 (full 3):
 PSYoungGen      total 2560K, used 1077K [0x00000000d5580000, 0x00000000d5a00000, 0x0000000100000000)
  eden space 1024K, 0% used [0x00000000d5580000,0x00000000d5580000,0x00000000d5680000)
  from space 1536K, 70% used [0x00000000d5880000,0x00000000d598d638,0x00000000d5a00000)
  to   space 1536K, 0% used [0x00000000d5680000,0x00000000d5680000,0x00000000d5800000)
 ParOldGen       total 139264K, used 139147K [0x0000000080000000, 0x0000000088800000, 0x00000000d5580000)
  object space 139264K, 99% used [0x0000000080000000,0x00000000887e2ce0,0x0000000088800000)
 Metaspace       used 65492K, committed 66944K, reserved 1114112K
  class space    used 7536K, committed 8128K, reserved 1048576K
}
Event: 32.049 GC heap before
{Heap before GC invocations=128 (full 3):
 PSYoungGen      total 2560K, used 2101K [0x00000000d5580000, 0x00000000d5a00000, 0x0000000100000000)
  eden space 1024K, 99% used [0x00000000d5580000,0x00000000d567ffe8,0x00000000d5680000)
  from space 1536K, 70% used [0x00000000d5880000,0x00000000d598d638,0x00000000d5a00000)
  to   space 1536K, 0% used [0x00000000d5680000,0x00000000d5680000,0x00000000d5800000)
 ParOldGen       total 139264K, used 139147K [0x0000000080000000, 0x0000000088800000, 0x00000000d5580000)
  object space 139264K, 99% used [0x0000000080000000,0x00000000887e2ce0,0x0000000088800000)
 Metaspace       used 65501K, committed 66944K, reserved 1114112K
  class space    used 7536K, committed 8128K, reserved 1048576K
}
Event: 32.050 GC heap after
{Heap after GC invocations=128 (full 3):
 PSYoungGen      total 2560K, used 379K [0x00000000d5580000, 0x00000000d5900000, 0x0000000100000000)
  eden space 1024K, 0% used [0x00000000d5580000,0x00000000d5580000,0x00000000d5680000)
  from space 1536K, 24% used [0x00000000d5680000,0x00000000d56dec08,0x00000000d5800000)
  to   space 1024K, 0% used [0x00000000d5800000,0x00000000d5800000,0x00000000d5900000)
 ParOldGen       total 140288K, used 139897K [0x0000000080000000, 0x0000000088900000, 0x00000000d5580000)
  object space 140288K, 99% used [0x0000000080000000,0x000000008889e648,0x0000000088900000)
 Metaspace       used 65501K, committed 66944K, reserved 1114112K
  class space    used 7536K, committed 8128K, reserved 1048576K
}
Event: 32.058 GC heap before
{Heap before GC invocations=129 (full 3):
 PSYoungGen      total 2560K, used 1403K [0x00000000d5580000, 0x00000000d5900000, 0x0000000100000000)
  eden space 1024K, 99% used [0x00000000d5580000,0x00000000d567fff8,0x00000000d5680000)
  from space 1536K, 24% used [0x00000000d5680000,0x00000000d56dec08,0x00000000d5800000)
  to   space 1024K, 0% used [0x00000000d5800000,0x00000000d5800000,0x00000000d5900000)
 ParOldGen       total 140288K, used 139897K [0x0000000080000000, 0x0000000088900000, 0x00000000d5580000)
  object space 140288K, 99% used [0x0000000080000000,0x000000008889e648,0x0000000088900000)
 Metaspace       used 65526K, committed 66944K, reserved 1114112K
  class space    used 7536K, committed 8128K, reserved 1048576K
}
Event: 32.058 GC heap after
{Heap after GC invocations=129 (full 3):
 PSYoungGen      total 1536K, used 448K [0x00000000d5580000, 0x00000000d5880000, 0x0000000100000000)
  eden space 1024K, 0% used [0x00000000d5580000,0x00000000d5580000,0x00000000d5680000)
  from space 512K, 87% used [0x00000000d5800000,0x00000000d5870000,0x00000000d5880000)
  to   space 512K, 0% used [0x00000000d5780000,0x00000000d5780000,0x00000000d5800000)
 ParOldGen       total 140288K, used 140078K [0x0000000080000000, 0x0000000088900000, 0x00000000d5580000)
  object space 140288K, 99% used [0x0000000080000000,0x00000000888cba68,0x0000000088900000)
 Metaspace       used 65526K, committed 66944K, reserved 1114112K
  class space    used 7536K, committed 8128K, reserved 1048576K
}
Event: 32.074 GC heap before
{Heap before GC invocations=130 (full 3):
 PSYoungGen      total 1536K, used 1472K [0x00000000d5580000, 0x00000000d5880000, 0x0000000100000000)
  eden space 1024K, 100% used [0x00000000d5580000,0x00000000d5680000,0x00000000d5680000)
  from space 512K, 87% used [0x00000000d5800000,0x00000000d5870000,0x00000000d5880000)
  to   space 512K, 0% used [0x00000000d5780000,0x00000000d5780000,0x00000000d5800000)
 ParOldGen       total 140288K, used 140078K [0x0000000080000000, 0x0000000088900000, 0x00000000d5580000)
  object space 140288K, 99% used [0x0000000080000000,0x00000000888cba68,0x0000000088900000)
 Metaspace       used 65545K, committed 67008K, reserved 1114112K
  class space    used 7536K, committed 8128K, reserved 1048576K
}
Event: 32.075 GC heap after
{Heap after GC invocations=130 (full 3):
 PSYoungGen      total 1536K, used 480K [0x00000000d5580000, 0x00000000d5880000, 0x0000000100000000)
  eden space 1024K, 0% used [0x00000000d5580000,0x00000000d5580000,0x00000000d5680000)
  from space 512K, 93% used [0x00000000d5780000,0x00000000d57f8010,0x00000000d5800000)
  to   space 512K, 0% used [0x00000000d5800000,0x00000000d5800000,0x00000000d5880000)
 ParOldGen       total 140800K, used 140462K [0x0000000080000000, 0x0000000088980000, 0x00000000d5580000)
  object space 140800K, 99% used [0x0000000080000000,0x000000008892ba88,0x0000000088980000)
 Metaspace       used 65545K, committed 67008K, reserved 1114112K
  class space    used 7536K, committed 8128K, reserved 1048576K
}
Event: 319.690 GC heap before
{Heap before GC invocations=131 (full 3):
 PSYoungGen      total 1536K, used 1504K [0x00000000d5580000, 0x00000000d5880000, 0x0000000100000000)
  eden space 1024K, 99% used [0x00000000d5580000,0x00000000d567fff8,0x00000000d5680000)
  from space 512K, 93% used [0x00000000d5780000,0x00000000d57f8010,0x00000000d5800000)
  to   space 512K, 0% used [0x00000000d5800000,0x00000000d5800000,0x00000000d5880000)
 ParOldGen       total 140800K, used 140462K [0x0000000080000000, 0x0000000088980000, 0x00000000d5580000)
  object space 140800K, 99% used [0x0000000080000000,0x000000008892ba88,0x0000000088980000)
 Metaspace       used 65599K, committed 67072K, reserved 1114112K
  class space    used 7539K, committed 8128K, reserved 1048576K
}
Event: 319.691 GC heap after
{Heap after GC invocations=131 (full 3):
 PSYoungGen      total 1536K, used 416K [0x00000000d5580000, 0x00000000d5880000, 0x0000000100000000)
  eden space 1024K, 0% used [0x00000000d5580000,0x00000000d5580000,0x00000000d5680000)
  from space 512K, 81% used [0x00000000d5800000,0x00000000d5868000,0x00000000d5880000)
  to   space 1024K, 0% used [0x00000000d5680000,0x00000000d5680000,0x00000000d5780000)
 ParOldGen       total 140800K, used 140606K [0x0000000080000000, 0x0000000088980000, 0x00000000d5580000)
  object space 140800K, 99% used [0x0000000080000000,0x000000008894fa88,0x0000000088980000)
 Metaspace       used 65599K, committed 67072K, reserved 1114112K
  class space    used 7539K, committed 8128K, reserved 1048576K
}
Event: 322.434 GC heap before
{Heap before GC invocations=132 (full 3):
 PSYoungGen      total 1536K, used 1440K [0x00000000d5580000, 0x00000000d5880000, 0x0000000100000000)
  eden space 1024K, 100% used [0x00000000d5580000,0x00000000d5680000,0x00000000d5680000)
  from space 512K, 81% used [0x00000000d5800000,0x00000000d5868000,0x00000000d5880000)
  to   space 1024K, 0% used [0x00000000d5680000,0x00000000d5680000,0x00000000d5780000)
 ParOldGen       total 140800K, used 140606K [0x0000000080000000, 0x0000000088980000, 0x00000000d5580000)
  object space 140800K, 99% used [0x0000000080000000,0x000000008894fa88,0x0000000088980000)
 Metaspace       used 65634K, committed 67136K, reserved 1114112K
  class space    used 7548K, committed 8192K, reserved 1048576K
}
Event: 322.436 GC heap after
{Heap after GC invocations=132 (full 3):
 PSYoungGen      total 2048K, used 416K [0x00000000d5580000, 0x00000000d5880000, 0x0000000100000000)
  eden space 1024K, 0% used [0x00000000d5580000,0x00000000d5580000,0x00000000d5680000)
  from space 1024K, 40% used [0x00000000d5680000,0x00000000d56e8000,0x00000000d5780000)
  to   space 512K, 0% used [0x00000000d5800000,0x00000000d5800000,0x00000000d5880000)
 ParOldGen       total 140800K, used 140726K [0x0000000080000000, 0x0000000088980000, 0x00000000d5580000)
  object space 140800K, 99% used [0x0000000080000000,0x000000008896da88,0x0000000088980000)
 Metaspace       used 65634K, committed 67136K, reserved 1114112K
  class space    used 7548K, committed 8192K, reserved 1048576K
}
Event: 322.448 GC heap before
{Heap before GC invocations=133 (full 3):
 PSYoungGen      total 2048K, used 1439K [0x00000000d5580000, 0x00000000d5880000, 0x0000000100000000)
  eden space 1024K, 99% used [0x00000000d5580000,0x00000000d567ffe0,0x00000000d5680000)
  from space 1024K, 40% used [0x00000000d5680000,0x00000000d56e8000,0x00000000d5780000)
  to   space 512K, 0% used [0x00000000d5800000,0x00000000d5800000,0x00000000d5880000)
 ParOldGen       total 140800K, used 140726K [0x0000000080000000, 0x0000000088980000, 0x00000000d5580000)
  object space 140800K, 99% used [0x0000000080000000,0x000000008896da88,0x0000000088980000)
 Metaspace       used 65787K, committed 67264K, reserved 1114112K
  class space    used 7562K, committed 8192K, reserved 1048576K
}
Event: 322.448 GC heap after
{Heap after GC invocations=133 (full 3):
 PSYoungGen      total 1536K, used 448K [0x00000000d5580000, 0x00000000d5880000, 0x0000000100000000)
  eden space 1024K, 0% used [0x00000000d5580000,0x00000000d5580000,0x00000000d5680000)
  from space 512K, 87% used [0x00000000d5800000,0x00000000d5870000,0x00000000d5880000)
  to   space 512K, 0% used [0x00000000d5780000,0x00000000d5780000,0x00000000d5800000)
 ParOldGen       total 141312K, used 140862K [0x0000000080000000, 0x0000000088a00000, 0x00000000d5580000)
  object space 141312K, 99% used [0x0000000080000000,0x000000008898fa88,0x0000000088a00000)
 Metaspace       used 65787K, committed 67264K, reserved 1114112K
  class space    used 7562K, committed 8192K, reserved 1048576K
}
Event: 322.452 GC heap before
{Heap before GC invocations=134 (full 3):
 PSYoungGen      total 1536K, used 1472K [0x00000000d5580000, 0x00000000d5880000, 0x0000000100000000)
  eden space 1024K, 100% used [0x00000000d5580000,0x00000000d5680000,0x00000000d5680000)
  from space 512K, 87% used [0x00000000d5800000,0x00000000d5870000,0x00000000d5880000)
  to   space 512K, 0% used [0x00000000d5780000,0x00000000d5780000,0x00000000d5800000)
 ParOldGen       total 141312K, used 140862K [0x0000000080000000, 0x0000000088a00000, 0x00000000d5580000)
  object space 141312K, 99% used [0x0000000080000000,0x000000008898fa88,0x0000000088a00000)
 Metaspace       used 65790K, committed 67264K, reserved 1114112K
  class space    used 7562K, committed 8192K, reserved 1048576K
}
Event: 322.452 GC heap after
{Heap after GC invocations=134 (full 3):
 PSYoungGen      total 1536K, used 384K [0x00000000d5580000, 0x00000000d5880000, 0x0000000100000000)
  eden space 1024K, 0% used [0x00000000d5580000,0x00000000d5580000,0x00000000d5680000)
  from space 512K, 75% used [0x00000000d5780000,0x00000000d57e0000,0x00000000d5800000)
  to   space 512K, 0% used [0x00000000d5800000,0x00000000d5800000,0x00000000d5880000)
 ParOldGen       total 141312K, used 140974K [0x0000000080000000, 0x0000000088a00000, 0x00000000d5580000)
  object space 141312K, 99% used [0x0000000080000000,0x00000000889aba98,0x0000000088a00000)
 Metaspace       used 65790K, committed 67264K, reserved 1114112K
  class space    used 7562K, committed 8192K, reserved 1048576K
}
Event: 322.461 GC heap before
{Heap before GC invocations=135 (full 3):
 PSYoungGen      total 1536K, used 1408K [0x00000000d5580000, 0x00000000d5880000, 0x0000000100000000)
  eden space 1024K, 100% used [0x00000000d5580000,0x00000000d5680000,0x00000000d5680000)
  from space 512K, 75% used [0x00000000d5780000,0x00000000d57e0000,0x00000000d5800000)
  to   space 512K, 0% used [0x00000000d5800000,0x00000000d5800000,0x00000000d5880000)
 ParOldGen       total 141312K, used 140974K [0x0000000080000000, 0x0000000088a00000, 0x00000000d5580000)
  object space 141312K, 99% used [0x0000000080000000,0x00000000889aba98,0x0000000088a00000)
 Metaspace       used 65796K, committed 67264K, reserved 1114112K
  class space    used 7562K, committed 8192K, reserved 1048576K
}
Event: 322.462 GC heap after
{Heap after GC invocations=135 (full 3):
 PSYoungGen      total 1536K, used 352K [0x00000000d5580000, 0x00000000d5880000, 0x0000000100000000)
  eden space 1024K, 0% used [0x00000000d5580000,0x00000000d5580000,0x00000000d5680000)
  from space 512K, 68% used [0x00000000d5800000,0x00000000d5858000,0x00000000d5880000)
  to   space 512K, 0% used [0x00000000d5780000,0x00000000d5780000,0x00000000d5800000)
 ParOldGen       total 141312K, used 141222K [0x0000000080000000, 0x0000000088a00000, 0x00000000d5580000)
  object space 141312K, 99% used [0x0000000080000000,0x00000000889e9a98,0x0000000088a00000)
 Metaspace       used 65796K, committed 67264K, reserved 1114112K
  class space    used 7562K, committed 8192K, reserved 1048576K
}
Event: 322.630 GC heap before
{Heap before GC invocations=136 (full 3):
 PSYoungGen      total 1536K, used 1376K [0x00000000d5580000, 0x00000000d5880000, 0x0000000100000000)
  eden space 1024K, 100% used [0x00000000d5580000,0x00000000d5680000,0x00000000d5680000)
  from space 512K, 68% used [0x00000000d5800000,0x00000000d5858000,0x00000000d5880000)
  to   space 512K, 0% used [0x00000000d5780000,0x00000000d5780000,0x00000000d5800000)
 ParOldGen       total 141312K, used 141222K [0x0000000080000000, 0x0000000088a00000, 0x00000000d5580000)
  object space 141312K, 99% used [0x0000000080000000,0x00000000889e9a98,0x0000000088a00000)
 Metaspace       used 65821K, committed 67264K, reserved 1114112K
  class space    used 7566K, committed 8192K, reserved 1048576K
}
Event: 322.631 GC heap after
{Heap after GC invocations=136 (full 3):
 PSYoungGen      total 1536K, used 384K [0x00000000d5580000, 0x00000000d5880000, 0x0000000100000000)
  eden space 1024K, 0% used [0x00000000d5580000,0x00000000d5580000,0x00000000d5680000)
  from space 512K, 75% used [0x00000000d5780000,0x00000000d57e0000,0x00000000d5800000)
  to   space 512K, 0% used [0x00000000d5800000,0x00000000d5800000,0x00000000d5880000)
 ParOldGen       total 141824K, used 141430K [0x0000000080000000, 0x0000000088a80000, 0x00000000d5580000)
  object space 141824K, 99% used [0x0000000080000000,0x0000000088a1da98,0x0000000088a80000)
 Metaspace       used 65821K, committed 67264K, reserved 1114112K
  class space    used 7566K, committed 8192K, reserved 1048576K
}

