# JRE version: OpenJDK Runtime Environment Temurin-21.0.9+10 (21.0.9+10) (build 21.0.9+10-LTS)
# Java VM: OpenJDK 64-Bit Server VM Temurin-21.0.9+10 (21.0.9+10-LTS, mixed mode, sharing, tiered, compressed oops, compressed class ptrs, parallel gc, windows-amd64)
GC Precious Log:
 CardTable entry size: 512
 CPUs: 16 total, 16 available
 Memory: 15631M
 Large Page Support: Disabled
 NUMA Support: Disabled
 Compressed Oops: Enabled (32-bit)
 Alignments: Space 512K, Generation 512K, Heap 2M
 Heap Min Capacity: 100M
 Heap Initial Capacity: 100M
 Heap Max Capacity: 2G
 Pre-touch: Disabled
 Parallel Workers: 13
Heap:
 PSYoungGen      total 17408K, used 9298K [0x00000000d5580000, 0x00000000d6880000, 0x0000000100000000)
  eden space 16896K, 52% used [0x00000000d5580000,0x00000000d5e2cb38,0x00000000d6600000)
  from space 512K, 81% used [0x00000000d6780000,0x00000000d67e8000,0x00000000d6800000)
  to   space 512K, 0% used [0x00000000d6800000,0x00000000d6800000,0x00000000d6880000)
 ParOldGen       total 68608K, used 62193K [0x0000000080000000, 0x0000000084300000, 0x00000000d5580000)
  object space 68608K, 90% used [0x0000000080000000,0x0000000083cbc540,0x0000000084300000)
 Metaspace       used 64901K, committed 66368K, reserved 1114112K
  class space    used 7530K, committed 8192K, reserved 1048576K
GC Heap History (20 events):
Event: 19.474 GC heap before
{Heap before GC invocations=41 (full 3):
 PSYoungGen      total 19456K, used 18993K [0x00000000d5580000, 0x00000000d6b80000, 0x0000000100000000)
  eden space 16896K, 100% used [0x00000000d5580000,0x00000000d6600000,0x00000000d6600000)
  from space 2560K, 81% used [0x00000000d6680000,0x00000000d688c410,0x00000000d6900000)
  to   space 2560K, 0% used [0x00000000d6900000,0x00000000d6900000,0x00000000d6b80000)
 ParOldGen       total 68608K, used 50140K [0x0000000080000000, 0x0000000084300000, 0x00000000d5580000)
  object space 68608K, 73% used [0x0000000080000000,0x00000000830f71a0,0x0000000084300000)
 Metaspace       used 62326K, committed 63744K, reserved 1114112K
  class space    used 7325K, committed 7936K, reserved 1048576K
}
Event: 19.476 GC heap after
{Heap after GC invocations=41 (full 3):
 PSYoungGen      total 19456K, used 2306K [0x00000000d5580000, 0x00000000d6b80000, 0x0000000100000000)
  eden space 16896K, 0% used [0x00000000d5580000,0x00000000d5580000,0x00000000d6600000)
  from space 2560K, 90% used [0x00000000d6900000,0x00000000d6b40810,0x00000000d6b80000)
  to   space 2560K, 0% used [0x00000000d6680000,0x00000000d6680000,0x00000000d6900000)
 ParOldGen       total 68608K, used 51999K [0x0000000080000000, 0x0000000084300000, 0x00000000d5580000)
  object space 68608K, 75% used [0x0000000080000000,0x00000000832c7e80,0x0000000084300000)
 Metaspace       used 62326K, committed 63744K, reserved 1114112K
  class space    used 7325K, committed 7936K, reserved 1048576K
}
Event: 19.502 GC heap before
{Heap before GC invocations=42 (full 3):
 PSYoungGen      total 19456K, used 19202K [0x00000000d5580000, 0x00000000d6b80000, 0x0000000100000000)
  eden space 16896K, 100% used [0x00000000d5580000,0x00000000d6600000,0x00000000d6600000)
  from space 2560K, 90% used [0x00000000d6900000,0x00000000d6b40810,0x00000000d6b80000)
  to   space 2560K, 0% used [0x00000000d6680000,0x00000000d6680000,0x00000000d6900000)
 ParOldGen       total 68608K, used 51999K [0x0000000080000000, 0x0000000084300000, 0x00000000d5580000)
  object space 68608K, 75% used [0x0000000080000000,0x00000000832c7e80,0x0000000084300000)
 Metaspace       used 62335K, committed 63744K, reserved 1114112K
  class space    used 7325K, committed 7936K, reserved 1048576K
}
Event: 19.504 GC heap after
{Heap after GC invocations=42 (full 3):
 PSYoungGen      total 18944K, used 1924K [0x00000000d5580000, 0x00000000d6b00000, 0x0000000100000000)
  eden space 16896K, 0% used [0x00000000d5580000,0x00000000d5580000,0x00000000d6600000)
  from space 2048K, 93% used [0x00000000d6680000,0x00000000d6861000,0x00000000d6880000)
  to   space 2560K, 0% used [0x00000000d6880000,0x00000000d6880000,0x00000000d6b00000)
 ParOldGen       total 68608K, used 54047K [0x0000000080000000, 0x0000000084300000, 0x00000000d5580000)
  object space 68608K, 78% used [0x0000000080000000,0x00000000834c7e90,0x0000000084300000)
 Metaspace       used 62335K, committed 63744K, reserved 1114112K
  class space    used 7325K, committed 7936K, reserved 1048576K
}
Event: 19.532 GC heap before
{Heap before GC invocations=43 (full 3):
 PSYoungGen      total 18944K, used 18820K [0x00000000d5580000, 0x00000000d6b00000, 0x0000000100000000)
  eden space 16896K, 100% used [0x00000000d5580000,0x00000000d6600000,0x00000000d6600000)
  from space 2048K, 93% used [0x00000000d6680000,0x00000000d6861000,0x00000000d6880000)
  to   space 2560K, 0% used [0x00000000d6880000,0x00000000d6880000,0x00000000d6b00000)
 ParOldGen       total 68608K, used 54047K [0x0000000080000000, 0x0000000084300000, 0x00000000d5580000)
  object space 68608K, 78% used [0x0000000080000000,0x00000000834c7e90,0x0000000084300000)
 Metaspace       used 62337K, committed 63744K, reserved 1114112K
  class space    used 7325K, committed 7936K, reserved 1048576K
}
Event: 19.533 GC heap after
{Heap after GC invocations=43 (full 3):
 PSYoungGen      total 18944K, used 1824K [0x00000000d5580000, 0x00000000d6a80000, 0x0000000100000000)
  eden space 16896K, 0% used [0x00000000d5580000,0x00000000d5580000,0x00000000d6600000)
  from space 2048K, 89% used [0x00000000d6880000,0x00000000d6a48000,0x00000000d6a80000)
  to   space 2048K, 0% used [0x00000000d6680000,0x00000000d6680000,0x00000000d6880000)
 ParOldGen       total 68608K, used 55781K [0x0000000080000000, 0x0000000084300000, 0x00000000d5580000)
  object space 68608K, 81% used [0x0000000080000000,0x00000000836794b8,0x0000000084300000)
 Metaspace       used 62337K, committed 63744K, reserved 1114112K
  class space    used 7325K, committed 7936K, reserved 1048576K
}
Event: 19.563 GC heap before
{Heap before GC invocations=44 (full 3):
 PSYoungGen      total 18944K, used 18720K [0x00000000d5580000, 0x00000000d6a80000, 0x0000000100000000)
  eden space 16896K, 100% used [0x00000000d5580000,0x00000000d6600000,0x00000000d6600000)
  from space 2048K, 89% used [0x00000000d6880000,0x00000000d6a48000,0x00000000d6a80000)
  to   space 2048K, 0% used [0x00000000d6680000,0x00000000d6680000,0x00000000d6880000)
 ParOldGen       total 68608K, used 55781K [0x0000000080000000, 0x0000000084300000, 0x00000000d5580000)
  object space 68608K, 81% used [0x0000000080000000,0x00000000836794b8,0x0000000084300000)
 Metaspace       used 62368K, committed 63808K, reserved 1114112K
  class space    used 7326K, committed 7936K, reserved 1048576K
}
Event: 19.565 GC heap after
{Heap after GC invocations=44 (full 3):
 PSYoungGen      total 18944K, used 2016K [0x00000000d5580000, 0x00000000d6b00000, 0x0000000100000000)
  eden space 16896K, 0% used [0x00000000d5580000,0x00000000d5580000,0x00000000d6600000)
  from space 2048K, 98% used [0x00000000d6680000,0x00000000d6878010,0x00000000d6880000)
  to   space 2560K, 0% used [0x00000000d6880000,0x00000000d6880000,0x00000000d6b00000)
 ParOldGen       total 68608K, used 57501K [0x0000000080000000, 0x0000000084300000, 0x00000000d5580000)
  object space 68608K, 83% used [0x0000000080000000,0x00000000838274b8,0x0000000084300000)
 Metaspace       used 62368K, committed 63808K, reserved 1114112K
  class space    used 7326K, committed 7936K, reserved 1048576K
}
Event: 19.606 GC heap before
{Heap before GC invocations=45 (full 3):
 PSYoungGen      total 18944K, used 18912K [0x00000000d5580000, 0x00000000d6b00000, 0x0000000100000000)
  eden space 16896K, 100% used [0x00000000d5580000,0x00000000d6600000,0x00000000d6600000)
  from space 2048K, 98% used [0x00000000d6680000,0x00000000d6878010,0x00000000d6880000)
  to   space 2560K, 0% used [0x00000000d6880000,0x00000000d6880000,0x00000000d6b00000)
 ParOldGen       total 68608K, used 57501K [0x0000000080000000, 0x0000000084300000, 0x00000000d5580000)
  object space 68608K, 83% used [0x0000000080000000,0x00000000838274b8,0x0000000084300000)
 Metaspace       used 62535K, committed 63936K, reserved 1114112K
  class space    used 7340K, committed 7936K, reserved 1048576K
}
Event: 19.607 GC heap after
{Heap after GC invocations=45 (full 3):
 PSYoungGen      total 18944K, used 1664K [0x00000000d5580000, 0x00000000d6a80000, 0x0000000100000000)
  eden space 16896K, 0% used [0x00000000d5580000,0x00000000d5580000,0x00000000d6600000)
  from space 2048K, 81% used [0x00000000d6880000,0x00000000d6a20000,0x00000000d6a80000)
  to   space 2048K, 0% used [0x00000000d6680000,0x00000000d6680000,0x00000000d6880000)
 ParOldGen       total 68608K, used 59325K [0x0000000080000000, 0x0000000084300000, 0x00000000d5580000)
  object space 68608K, 86% used [0x0000000080000000,0x00000000839ef4c8,0x0000000084300000)
 Metaspace       used 62535K, committed 63936K, reserved 1114112K
  class space    used 7340K, committed 7936K, reserved 1048576K
}
Event: 99.081 GC heap before
{Heap before GC invocations=46 (full 3):
 PSYoungGen      total 18944K, used 18560K [0x00000000d5580000, 0x00000000d6a80000, 0x0000000100000000)
  eden space 16896K, 100% used [0x00000000d5580000,0x00000000d6600000,0x00000000d6600000)
  from space 2048K, 81% used [0x00000000d6880000,0x00000000d6a20000,0x00000000d6a80000)
  to   space 2048K, 0% used [0x00000000d6680000,0x00000000d6680000,0x00000000d6880000)
 ParOldGen       total 68608K, used 59325K [0x0000000080000000, 0x0000000084300000, 0x00000000d5580000)
  object space 68608K, 86% used [0x0000000080000000,0x00000000839ef4c8,0x0000000084300000)
 Metaspace       used 64003K, committed 65536K, reserved 1114112K
  class space    used 7499K, committed 8192K, reserved 1048576K
}
Event: 99.083 GC heap after
{Heap after GC invocations=46 (full 3):
 PSYoungGen      total 18432K, used 1081K [0x00000000d5580000, 0x00000000d6900000, 0x0000000100000000)
  eden space 16896K, 0% used [0x00000000d5580000,0x00000000d5580000,0x00000000d6600000)
  from space 1536K, 70% used [0x00000000d6680000,0x00000000d678e4d0,0x00000000d6800000)
  to   space 1024K, 0% used [0x00000000d6800000,0x00000000d6800000,0x00000000d6900000)
 ParOldGen       total 68608K, used 60874K [0x0000000080000000, 0x0000000084300000, 0x00000000d5580000)
  object space 68608K, 88% used [0x0000000080000000,0x0000000083b72a40,0x0000000084300000)
 Metaspace       used 64003K, committed 65536K, reserved 1114112K
  class space    used 7499K, committed 8192K, reserved 1048576K
}
Event: 10410.930 GC heap before
{Heap before GC invocations=47 (full 3):
 PSYoungGen      total 18432K, used 17977K [0x00000000d5580000, 0x00000000d6900000, 0x0000000100000000)
  eden space 16896K, 100% used [0x00000000d5580000,0x00000000d6600000,0x00000000d6600000)
  from space 1536K, 70% used [0x00000000d6680000,0x00000000d678e4d0,0x00000000d6800000)
  to   space 1024K, 0% used [0x00000000d6800000,0x00000000d6800000,0x00000000d6900000)
 ParOldGen       total 68608K, used 60874K [0x0000000080000000, 0x0000000084300000, 0x00000000d5580000)
  object space 68608K, 88% used [0x0000000080000000,0x0000000083b72a40,0x0000000084300000)
 Metaspace       used 64468K, committed 65920K, reserved 1114112K
  class space    used 7526K, committed 8192K, reserved 1048576K
}
Event: 10411.029 GC heap after
{Heap after GC invocations=47 (full 3):
 PSYoungGen      total 17408K, used 416K [0x00000000d5580000, 0x00000000d6880000, 0x0000000100000000)
  eden space 16896K, 0% used [0x00000000d5580000,0x00000000d5580000,0x00000000d6600000)
  from space 512K, 81% used [0x00000000d6800000,0x00000000d6868000,0x00000000d6880000)
  to   space 1024K, 0% used [0x00000000d6680000,0x00000000d6680000,0x00000000d6780000)
 ParOldGen       total 68608K, used 61817K [0x0000000080000000, 0x0000000084300000, 0x00000000d5580000)
  object space 68608K, 90% used [0x0000000080000000,0x0000000083c5e540,0x0000000084300000)
 Metaspace       used 64468K, committed 65920K, reserved 1114112K
  class space    used 7526K, committed 8192K, reserved 1048576K
}
Event: 12715.530 GC heap before
{Heap before GC invocations=48 (full 3):
 PSYoungGen      total 17408K, used 17312K [0x00000000d5580000, 0x00000000d6880000, 0x0000000100000000)
  eden space 16896K, 100% used [0x00000000d5580000,0x00000000d6600000,0x00000000d6600000)
  from space 512K, 81% used [0x00000000d6800000,0x00000000d6868000,0x00000000d6880000)
  to   space 1024K, 0% used [0x00000000d6680000,0x00000000d6680000,0x00000000d6780000)
 ParOldGen       total 68608K, used 61817K [0x0000000080000000, 0x0000000084300000, 0x00000000d5580000)
  object space 68608K, 90% used [0x0000000080000000,0x0000000083c5e540,0x0000000084300000)
 Metaspace       used 64630K, committed 66048K, reserved 1114112K
  class space    used 7526K, committed 8192K, reserved 1048576K
}
Event: 12715.571 GC heap after
{Heap after GC invocations=48 (full 3):
 PSYoungGen      total 17920K, used 416K [0x00000000d5580000, 0x00000000d6880000, 0x0000000100000000)
  eden space 16896K, 0% used [0x00000000d5580000,0x00000000d5580000,0x00000000d6600000)
  from space 1024K, 40% used [0x00000000d6680000,0x00000000d66e8000,0x00000000d6780000)
  to   space 512K, 0% used [0x00000000d6800000,0x00000000d6800000,0x00000000d6880000)
 ParOldGen       total 68608K, used 62025K [0x0000000080000000, 0x0000000084300000, 0x00000000d5580000)
  object space 68608K, 90% used [0x0000000080000000,0x0000000083c92540,0x0000000084300000)
 Metaspace       used 64630K, committed 66048K, reserved 1114112K
  class space    used 7526K, committed 8192K, reserved 1048576K
}
Event: 17632.184 GC heap before
{Heap before GC invocations=49 (full 3):
 PSYoungGen      total 17920K, used 17312K [0x00000000d5580000, 0x00000000d6880000, 0x0000000100000000)
  eden space 16896K, 100% used [0x00000000d5580000,0x00000000d6600000,0x00000000d6600000)
  from space 1024K, 40% used [0x00000000d6680000,0x00000000d66e8000,0x00000000d6780000)
  to   space 512K, 0% used [0x00000000d6800000,0x00000000d6800000,0x00000000d6880000)
 ParOldGen       total 68608K, used 62025K [0x0000000080000000, 0x0000000084300000, 0x00000000d5580000)
  object space 68608K, 90% used [0x0000000080000000,0x0000000083c92540,0x0000000084300000)
 Metaspace       used 64733K, committed 66240K, reserved 1114112K
  class space    used 7528K, committed 8192K, reserved 1048576K
}
Event: 17632.228 GC heap after
{Heap after GC invocations=49 (full 3):
 PSYoungGen      total 17408K, used 384K [0x00000000d5580000, 0x00000000d6880000, 0x0000000100000000)
  eden space 16896K, 0% used [0x00000000d5580000,0x00000000d5580000,0x00000000d6600000)
  from space 512K, 75% used [0x00000000d6800000,0x00000000d6860000,0x00000000d6880000)
  to   space 512K, 0% used [0x00000000d6780000,0x00000000d6780000,0x00000000d6800000)
 ParOldGen       total 68608K, used 62097K [0x0000000080000000, 0x0000000084300000, 0x00000000d5580000)
  object space 68608K, 90% used [0x0000000080000000,0x0000000083ca4540,0x0000000084300000)
 Metaspace       used 64733K, committed 66240K, reserved 1114112K
  class space    used 7528K, committed 8192K, reserved 1048576K
}
Event: 20507.610 GC heap before
{Heap before GC invocations=50 (full 3):
 PSYoungGen      total 17408K, used 17280K [0x00000000d5580000, 0x00000000d6880000, 0x0000000100000000)
  eden space 16896K, 100% used [0x00000000d5580000,0x00000000d6600000,0x00000000d6600000)
  from space 512K, 75% used [0x00000000d6800000,0x00000000d6860000,0x00000000d6880000)
  to   space 512K, 0% used [0x00000000d6780000,0x00000000d6780000,0x00000000d6800000)
 ParOldGen       total 68608K, used 62097K [0x0000000080000000, 0x0000000084300000, 0x00000000d5580000)
  object space 68608K, 90% used [0x0000000080000000,0x0000000083ca4540,0x0000000084300000)
 Metaspace       used 64831K, committed 66304K, reserved 1114112K
  class space    used 7530K, committed 8192K, reserved 1048576K
}
Event: 20507.660 GC heap after
{Heap after GC invocations=50 (full 3):
 PSYoungGen      total 17408K, used 416K [0x00000000d5580000, 0x00000000d6880000, 0x0000000100000000)
  eden space 16896K, 0% used [0x00000000d5580000,0x00000000d5580000,0x00000000d6600000)
  from space 512K, 81% used [0x00000000d6780000,0x00000000d67e8000,0x00000000d6800000)
  to   space 512K, 0% used [0x00000000d6800000,0x00000000d6800000,0x00000000d6880000)
 ParOldGen       total 68608K, used 62193K [0x0000000080000000, 0x0000000084300000, 0x00000000d5580000)
  object space 68608K, 90% used [0x0000000080000000,0x0000000083cbc540,0x0000000084300000)
 Metaspace       used 64831K, committed 66304K, reserved 1114112K
  class space    used 7530K, committed 8192K, reserved 1048576K
}

