# JRE version: OpenJDK Runtime Environment Temurin-21.0.9+10 (21.0.9+10) (build 21.0.9+10-LTS)
# Java VM: OpenJDK 64-Bit Server VM Temurin-21.0.9+10 (21.0.9+10-LTS, mixed mode, sharing, tiered, compressed oops, compressed class ptrs, parallel gc, windows-amd64)
GC Precious Log:
 CardTable entry size: 512
 CPUs: 16 total, 16 available
 Memory: 15631M
 Large Page Support: Disabled
 NUMA Support: Disabled
 Compressed Oops: Enabled (32-bit)
 Alignments: Space 512K, Generation 512K, Heap 2M
 Heap Min Capacity: 100M
 Heap Initial Capacity: 100M
 Heap Max Capacity: 2G
 Pre-touch: Disabled
 Parallel Workers: 13
Heap:
 PSYoungGen      total 18432K, used 992K [0x00000000d5580000, 0x00000000d6e80000, 0x0000000100000000)
  eden space 17408K, 0% used [0x00000000d5580000,0x00000000d5580000,0x00000000d6680000)
  from space 1024K, 96% used [0x00000000d6c80000,0x00000000d6d78318,0x00000000d6d80000)
  to   space 512K, 0% used [0x00000000d6e00000,0x00000000d6e00000,0x00000000d6e80000)
 ParOldGen       total 68608K, used 52137K [0x0000000080000000, 0x0000000084300000, 0x00000000d5580000)
  object space 68608K, 75% used [0x0000000080000000,0x00000000832ea678,0x0000000084300000)
 Metaspace       used 58432K, committed 59776K, reserved 1114112K
  class space    used 6820K, committed 7424K, reserved 1048576K
GC Heap History (20 events):
Event: 6.130 GC heap before
{Heap before GC invocations=33 (full 2):
 PSYoungGen      total 18432K, used 18430K [0x00000000d5580000, 0x00000000d6b00000, 0x0000000100000000)
  eden space 17408K, 100% used [0x00000000d5580000,0x00000000d6680000,0x00000000d6680000)
  from space 1024K, 99% used [0x00000000d6880000,0x00000000d697f9f0,0x00000000d6980000)
  to   space 2048K, 0% used [0x00000000d6680000,0x00000000d6680000,0x00000000d6880000)
 ParOldGen       total 68608K, used 33606K [0x0000000080000000, 0x0000000084300000, 0x00000000d5580000)
  object space 68608K, 48% used [0x0000000080000000,0x00000000820d1898,0x0000000084300000)
 Metaspace       used 51689K, committed 52864K, reserved 1114112K
  class space    used 5735K, committed 6272K, reserved 1048576K
}
Event: 6.131 GC heap after
{Heap after GC invocations=33 (full 2):
 PSYoungGen      total 19456K, used 2035K [0x00000000d5580000, 0x00000000d7980000, 0x0000000100000000)
  eden space 17408K, 0% used [0x00000000d5580000,0x00000000d5580000,0x00000000d6680000)
  from space 2048K, 99% used [0x00000000d6680000,0x00000000d687cd30,0x00000000d6880000)
  to   space 9728K, 0% used [0x00000000d7000000,0x00000000d7000000,0x00000000d7980000)
 ParOldGen       total 68608K, used 39714K [0x0000000080000000, 0x0000000084300000, 0x00000000d5580000)
  object space 68608K, 57% used [0x0000000080000000,0x00000000826c88c8,0x0000000084300000)
 Metaspace       used 51689K, committed 52864K, reserved 1114112K
  class space    used 5735K, committed 6272K, reserved 1048576K
}
Event: 6.279 GC heap before
{Heap before GC invocations=34 (full 2):
 PSYoungGen      total 19456K, used 19443K [0x00000000d5580000, 0x00000000d7980000, 0x0000000100000000)
  eden space 17408K, 100% used [0x00000000d5580000,0x00000000d6680000,0x00000000d6680000)
  from space 2048K, 99% used [0x00000000d6680000,0x00000000d687cd30,0x00000000d6880000)
  to   space 9728K, 0% used [0x00000000d7000000,0x00000000d7000000,0x00000000d7980000)
 ParOldGen       total 68608K, used 39714K [0x0000000080000000, 0x0000000084300000, 0x00000000d5580000)
  object space 68608K, 57% used [0x0000000080000000,0x00000000826c88c8,0x0000000084300000)
 Metaspace       used 52957K, committed 54080K, reserved 1114112K
  class space    used 5962K, committed 6464K, reserved 1048576K
}
Event: 6.280 GC heap after
{Heap after GC invocations=34 (full 2):
 PSYoungGen      total 18432K, used 832K [0x00000000d5580000, 0x00000000d7100000, 0x0000000100000000)
  eden space 17408K, 0% used [0x00000000d5580000,0x00000000d5580000,0x00000000d6680000)
  from space 1024K, 81% used [0x00000000d7000000,0x00000000d70d0000,0x00000000d7100000)
  to   space 3584K, 0% used [0x00000000d6a00000,0x00000000d6a00000,0x00000000d6d80000)
 ParOldGen       total 68608K, used 41671K [0x0000000080000000, 0x0000000084300000, 0x00000000d5580000)
  object space 68608K, 60% used [0x0000000080000000,0x00000000828b1f50,0x0000000084300000)
 Metaspace       used 52957K, committed 54080K, reserved 1114112K
  class space    used 5962K, committed 6464K, reserved 1048576K
}
Event: 6.353 GC heap before
{Heap before GC invocations=35 (full 2):
 PSYoungGen      total 18432K, used 18240K [0x00000000d5580000, 0x00000000d7100000, 0x0000000100000000)
  eden space 17408K, 100% used [0x00000000d5580000,0x00000000d6680000,0x00000000d6680000)
  from space 1024K, 81% used [0x00000000d7000000,0x00000000d70d0000,0x00000000d7100000)
  to   space 3584K, 0% used [0x00000000d6a00000,0x00000000d6a00000,0x00000000d6d80000)
 ParOldGen       total 68608K, used 41671K [0x0000000080000000, 0x0000000084300000, 0x00000000d5580000)
  object space 68608K, 60% used [0x0000000080000000,0x00000000828b1f50,0x0000000084300000)
 Metaspace       used 53087K, committed 54208K, reserved 1114112K
  class space    used 5976K, committed 6464K, reserved 1048576K
}
Event: 6.354 GC heap after
{Heap after GC invocations=35 (full 2):
 PSYoungGen      total 20992K, used 672K [0x00000000d5580000, 0x00000000d7080000, 0x0000000100000000)
  eden space 17408K, 0% used [0x00000000d5580000,0x00000000d5580000,0x00000000d6680000)
  from space 3584K, 18% used [0x00000000d6a00000,0x00000000d6aa8000,0x00000000d6d80000)
  to   space 1536K, 0% used [0x00000000d6f00000,0x00000000d6f00000,0x00000000d7080000)
 ParOldGen       total 68608K, used 42335K [0x0000000080000000, 0x0000000084300000, 0x00000000d5580000)
  object space 68608K, 61% used [0x0000000080000000,0x0000000082957f60,0x0000000084300000)
 Metaspace       used 53087K, committed 54208K, reserved 1114112K
  class space    used 5976K, committed 6464K, reserved 1048576K
}
Event: 6.488 GC heap before
{Heap before GC invocations=36 (full 2):
 PSYoungGen      total 20992K, used 18079K [0x00000000d5580000, 0x00000000d7080000, 0x0000000100000000)
  eden space 17408K, 99% used [0x00000000d5580000,0x00000000d667fff0,0x00000000d6680000)
  from space 3584K, 18% used [0x00000000d6a00000,0x00000000d6aa8000,0x00000000d6d80000)
  to   space 1536K, 0% used [0x00000000d6f00000,0x00000000d6f00000,0x00000000d7080000)
 ParOldGen       total 68608K, used 42335K [0x0000000080000000, 0x0000000084300000, 0x00000000d5580000)
  object space 68608K, 61% used [0x0000000080000000,0x0000000082957f60,0x0000000084300000)
 Metaspace       used 53091K, committed 54208K, reserved 1114112K
  class space    used 5976K, committed 6464K, reserved 1048576K
}
Event: 6.489 GC heap after
{Heap after GC invocations=36 (full 2):
 PSYoungGen      total 18432K, used 704K [0x00000000d5580000, 0x00000000d7000000, 0x0000000100000000)
  eden space 17408K, 0% used [0x00000000d5580000,0x00000000d5580000,0x00000000d6680000)
  from space 1024K, 68% used [0x00000000d6f00000,0x00000000d6fb0000,0x00000000d7000000)
  to   space 1024K, 0% used [0x00000000d6e00000,0x00000000d6e00000,0x00000000d6f00000)
 ParOldGen       total 68608K, used 42753K [0x0000000080000000, 0x0000000084300000, 0x00000000d5580000)
  object space 68608K, 62% used [0x0000000080000000,0x00000000829c04e8,0x0000000084300000)
 Metaspace       used 53091K, committed 54208K, reserved 1114112K
  class space    used 5976K, committed 6464K, reserved 1048576K
}
Event: 6.605 GC heap before
{Heap before GC invocations=37 (full 2):
 PSYoungGen      total 18432K, used 18112K [0x00000000d5580000, 0x00000000d7000000, 0x0000000100000000)
  eden space 17408K, 100% used [0x00000000d5580000,0x00000000d6680000,0x00000000d6680000)
  from space 1024K, 68% used [0x00000000d6f00000,0x00000000d6fb0000,0x00000000d7000000)
  to   space 1024K, 0% used [0x00000000d6e00000,0x00000000d6e00000,0x00000000d6f00000)
 ParOldGen       total 68608K, used 42753K [0x0000000080000000, 0x0000000084300000, 0x00000000d5580000)
  object space 68608K, 62% used [0x0000000080000000,0x00000000829c04e8,0x0000000084300000)
 Metaspace       used 53107K, committed 54272K, reserved 1114112K
  class space    used 5976K, committed 6464K, reserved 1048576K
}
Event: 6.606 GC heap after
{Heap after GC invocations=37 (full 2):
 PSYoungGen      total 18432K, used 1018K [0x00000000d5580000, 0x00000000d7080000, 0x0000000100000000)
  eden space 17408K, 0% used [0x00000000d5580000,0x00000000d5580000,0x00000000d6680000)
  from space 1024K, 99% used [0x00000000d6e00000,0x00000000d6efe8e0,0x00000000d6f00000)
  to   space 1536K, 0% used [0x00000000d6f00000,0x00000000d6f00000,0x00000000d7080000)
 ParOldGen       total 68608K, used 46187K [0x0000000080000000, 0x0000000084300000, 0x00000000d5580000)
  object space 68608K, 67% used [0x0000000080000000,0x0000000082d1ace8,0x0000000084300000)
 Metaspace       used 53107K, committed 54272K, reserved 1114112K
  class space    used 5976K, committed 6464K, reserved 1048576K
}
Event: 6.713 GC heap before
{Heap before GC invocations=38 (full 2):
 PSYoungGen      total 18432K, used 18426K [0x00000000d5580000, 0x00000000d7080000, 0x0000000100000000)
  eden space 17408K, 100% used [0x00000000d5580000,0x00000000d6680000,0x00000000d6680000)
  from space 1024K, 99% used [0x00000000d6e00000,0x00000000d6efe8e0,0x00000000d6f00000)
  to   space 1536K, 0% used [0x00000000d6f00000,0x00000000d6f00000,0x00000000d7080000)
 ParOldGen       total 68608K, used 46187K [0x0000000080000000, 0x0000000084300000, 0x00000000d5580000)
  object space 68608K, 67% used [0x0000000080000000,0x0000000082d1ace8,0x0000000084300000)
 Metaspace       used 53739K, committed 54912K, reserved 1114112K
  class space    used 6119K, committed 6656K, reserved 1048576K
}
Event: 6.714 GC heap after
{Heap after GC invocations=38 (full 2):
 PSYoungGen      total 18944K, used 1070K [0x00000000d5580000, 0x00000000d7080000, 0x0000000100000000)
  eden space 17408K, 0% used [0x00000000d5580000,0x00000000d5580000,0x00000000d6680000)
  from space 1536K, 69% used [0x00000000d6f00000,0x00000000d700b9b8,0x00000000d7080000)
  to   space 2560K, 0% used [0x00000000d6b80000,0x00000000d6b80000,0x00000000d6e00000)
 ParOldGen       total 68608K, used 47197K [0x0000000080000000, 0x0000000084300000, 0x00000000d5580000)
  object space 68608K, 68% used [0x0000000080000000,0x0000000082e17598,0x0000000084300000)
 Metaspace       used 53739K, committed 54912K, reserved 1114112K
  class space    used 6119K, committed 6656K, reserved 1048576K
}
Event: 6.838 GC heap before
{Heap before GC invocations=39 (full 2):
 PSYoungGen      total 18944K, used 18478K [0x00000000d5580000, 0x00000000d7080000, 0x0000000100000000)
  eden space 17408K, 100% used [0x00000000d5580000,0x00000000d6680000,0x00000000d6680000)
  from space 1536K, 69% used [0x00000000d6f00000,0x00000000d700b9b8,0x00000000d7080000)
  to   space 2560K, 0% used [0x00000000d6b80000,0x00000000d6b80000,0x00000000d6e00000)
 ParOldGen       total 68608K, used 47197K [0x0000000080000000, 0x0000000084300000, 0x00000000d5580000)
  object space 68608K, 68% used [0x0000000080000000,0x0000000082e17598,0x0000000084300000)
 Metaspace       used 55715K, committed 56960K, reserved 1114112K
  class space    used 6440K, committed 7040K, reserved 1048576K
}
Event: 6.839 GC heap after
{Heap after GC invocations=39 (full 2):
 PSYoungGen      total 19968K, used 752K [0x00000000d5580000, 0x00000000d6f80000, 0x0000000100000000)
  eden space 17408K, 0% used [0x00000000d5580000,0x00000000d5580000,0x00000000d6680000)
  from space 2560K, 29% used [0x00000000d6b80000,0x00000000d6c3c020,0x00000000d6e00000)
  to   space 1536K, 0% used [0x00000000d6e00000,0x00000000d6e00000,0x00000000d6f80000)
 ParOldGen       total 68608K, used 48118K [0x0000000080000000, 0x0000000084300000, 0x00000000d5580000)
  object space 68608K, 70% used [0x0000000080000000,0x0000000082efda60,0x0000000084300000)
 Metaspace       used 55715K, committed 56960K, reserved 1114112K
  class space    used 6440K, committed 7040K, reserved 1048576K
}
Event: 6.994 GC heap before
{Heap before GC invocations=40 (full 2):
 PSYoungGen      total 19968K, used 18160K [0x00000000d5580000, 0x00000000d6f80000, 0x0000000100000000)
  eden space 17408K, 100% used [0x00000000d5580000,0x00000000d6680000,0x00000000d6680000)
  from space 2560K, 29% used [0x00000000d6b80000,0x00000000d6c3c020,0x00000000d6e00000)
  to   space 1536K, 0% used [0x00000000d6e00000,0x00000000d6e00000,0x00000000d6f80000)
 ParOldGen       total 68608K, used 48118K [0x0000000080000000, 0x0000000084300000, 0x00000000d5580000)
  object space 68608K, 70% used [0x0000000080000000,0x0000000082efda60,0x0000000084300000)
 Metaspace       used 57047K, committed 58368K, reserved 1114112K
  class space    used 6670K, committed 7232K, reserved 1048576K
}
Event: 6.995 GC heap after
{Heap after GC invocations=40 (full 2):
 PSYoungGen      total 18432K, used 544K [0x00000000d5580000, 0x00000000d6f00000, 0x0000000100000000)
  eden space 17408K, 0% used [0x00000000d5580000,0x00000000d5580000,0x00000000d6680000)
  from space 1024K, 53% used [0x00000000d6e00000,0x00000000d6e88000,0x00000000d6f00000)
  to   space 1024K, 0% used [0x00000000d6d00000,0x00000000d6d00000,0x00000000d6e00000)
 ParOldGen       total 68608K, used 48678K [0x0000000080000000, 0x0000000084300000, 0x00000000d5580000)
  object space 68608K, 70% used [0x0000000080000000,0x0000000082f89a90,0x0000000084300000)
 Metaspace       used 57047K, committed 58368K, reserved 1114112K
  class space    used 6670K, committed 7232K, reserved 1048576K
}
Event: 7.147 GC heap before
{Heap before GC invocations=41 (full 2):
 PSYoungGen      total 18432K, used 17952K [0x00000000d5580000, 0x00000000d6f00000, 0x0000000100000000)
  eden space 17408K, 100% used [0x00000000d5580000,0x00000000d6680000,0x00000000d6680000)
  from space 1024K, 53% used [0x00000000d6e00000,0x00000000d6e88000,0x00000000d6f00000)
  to   space 1024K, 0% used [0x00000000d6d00000,0x00000000d6d00000,0x00000000d6e00000)
 ParOldGen       total 68608K, used 48678K [0x0000000080000000, 0x0000000084300000, 0x00000000d5580000)
  object space 68608K, 70% used [0x0000000080000000,0x0000000082f89a90,0x0000000084300000)
 Metaspace       used 57049K, committed 58368K, reserved 1114112K
  class space    used 6670K, committed 7232K, reserved 1048576K
}
Event: 7.148 GC heap after
{Heap after GC invocations=41 (full 2):
 PSYoungGen      total 18432K, used 288K [0x00000000d5580000, 0x00000000d6e80000, 0x0000000100000000)
  eden space 17408K, 0% used [0x00000000d5580000,0x00000000d5580000,0x00000000d6680000)
  from space 1024K, 28% used [0x00000000d6d00000,0x00000000d6d48000,0x00000000d6e00000)
  to   space 512K, 0% used [0x00000000d6e00000,0x00000000d6e00000,0x00000000d6e80000)
 ParOldGen       total 68608K, used 49110K [0x0000000080000000, 0x0000000084300000, 0x00000000d5580000)
  object space 68608K, 71% used [0x0000000080000000,0x0000000082ff5aa0,0x0000000084300000)
 Metaspace       used 57049K, committed 58368K, reserved 1114112K
  class space    used 6670K, committed 7232K, reserved 1048576K
}
Event: 7.381 GC heap before
{Heap before GC invocations=42 (full 2):
 PSYoungGen      total 18432K, used 17686K [0x00000000d5580000, 0x00000000d6e80000, 0x0000000100000000)
  eden space 17408K, 99% used [0x00000000d5580000,0x00000000d667da80,0x00000000d6680000)
  from space 1024K, 28% used [0x00000000d6d00000,0x00000000d6d48000,0x00000000d6e00000)
  to   space 512K, 0% used [0x00000000d6e00000,0x00000000d6e00000,0x00000000d6e80000)
 ParOldGen       total 68608K, used 49110K [0x0000000080000000, 0x0000000084300000, 0x00000000d5580000)
  object space 68608K, 71% used [0x0000000080000000,0x0000000082ff5aa0,0x0000000084300000)
 Metaspace       used 57582K, committed 58880K, reserved 1114112K
  class space    used 6735K, committed 7296K, reserved 1048576K
}
Event: 7.382 GC heap after
{Heap after GC invocations=42 (full 2):
 PSYoungGen      total 17920K, used 504K [0x00000000d5580000, 0x00000000d6e80000, 0x0000000100000000)
  eden space 17408K, 0% used [0x00000000d5580000,0x00000000d5580000,0x00000000d6680000)
  from space 512K, 98% used [0x00000000d6e00000,0x00000000d6e7e1a8,0x00000000d6e80000)
  to   space 1024K, 0% used [0x00000000d6c80000,0x00000000d6c80000,0x00000000d6d80000)
 ParOldGen       total 68608K, used 49319K [0x0000000080000000, 0x0000000084300000, 0x00000000d5580000)
  object space 68608K, 71% used [0x0000000080000000,0x0000000083029db8,0x0000000084300000)
 Metaspace       used 57582K, committed 58880K, reserved 1114112K
  class space    used 6735K, committed 7296K, reserved 1048576K
}

